2012-12-29 02:02:35.873+0000: Creating new db @ /Users/mauget/git/railroad-graph-db/load/graphDbasfdasfd/neostore
2012-12-29 02:02:36.146+0000: Opened [/Users/mauget/git/railroad-graph-db/load/graphDbasfdasfd/nioneo_logical.log.1] clean empty log, version=0, lastTxId=1
2012-12-29 02:02:36.173+0000: TM new log: tm_tx_log.1
2012-12-29 02:02:36.230+0000: Opened [/Users/mauget/git/railroad-graph-db/load/graphDbasfdasfd/index/lucene.log.1] clean empty log, version=0, lastTxId=1
2012-12-29 02:02:36.235+0000: --- STARTUP diagnostics START ---
2012-12-29 02:02:36.241+0000: Neo4j Kernel properties:
    read_only=false
    neo4j.ext.udc.host=udc.neo4j.org
    logical_log=nioneo_logical.log
    intercept_committing_transactions=false
    node_auto_indexing=false
    relationship_cache_size=32489472
    cache_type=soft
    intercept_deserialized_transactions=false
    lucene_searcher_cache_size=2147483647
    neo4j.ext.udc.interval=86400000
    use_memory_mapped_buffers=true
    rebuild_idgenerators_fast=true
    neostore.propertystore.db.index.keys.mapped_memory=1M
    neostore.propertystore.db.arrays.mapped_memory=398M
    neostore.propertystore.db.strings.mapped_memory=351M
    gcr_cache_min_log_interval=60s
    relationship_auto_indexing=false
    relationship_grab_size=100
    node_cache_array_fraction=1.0
    allow_store_upgrade=false
    execution_guard_enabled=false
    relationship_cache_array_fraction=1.0
    store_dir=graphDbasfdasfd
    remote_logging_host=127.0.0.1
    online_backup_enabled=false
    remote_logging_port=4560
    gc_monitor_threshold=200ms
    load_kernel_extensions=true
    array_block_size=120
    neostore.relationshipstore.db.mapped_memory=506M
    keep_logical_logs=true
    dump_configuration=false
    gc_monitor_wait_time=100ms
    neostore.nodestore.db.mapped_memory=114M
    neo4j.ext.udc.first_delay=600000
    neo4j.ext.udc.reg=unreg
    ephemeral=false
    neo_store=neostore
    logging.threshold_for_rotation=104857600
    neostore.propertystore.db.index.mapped_memory=1M
    backup_slave=false
    neostore.propertystore.db.mapped_memory=413M
    string_block_size=120
    grab_file_lock=true
    remote_logging_enabled=false
    node_cache_size=32489472
    neo4j.ext.udc.enabled=true
    online_backup_port=6362
2012-12-29 02:02:36.256+0000: Diagnostics providers:
    org.neo4j.kernel.configuration.Config
    org.neo4j.kernel.info.DiagnosticsManager
    SYSTEM_MEMORY
    JAVA_MEMORY
    OPERATING_SYSTEM
    JAVA_VIRTUAL_MACHINE
    CLASSPATH
    LIBRARY_PATH
    SYSTEM_PROPERTIES
2012-12-29 02:02:36.258+0000: System memory information:
    Total Physical memory: 4.00 GB
    Free Physical memory: 36.45 MB
    Committed virtual memory: 2.73 GB
    Total swap space: 3.00 GB
    Free swap space: 421.36 MB
2012-12-29 02:02:36.267+0000: JVM memory information:
    Free  memory: 68.59 MB
    Total memory: 81.06 MB
    Max   memory: 123.94 MB
    Garbage Collector: ParNew: [Par Eden Space, Par Survivor Space]
    Garbage Collector: ConcurrentMarkSweep: [Par Eden Space, Par Survivor Space, CMS Old Gen, CMS Perm Gen]
    Memory Pool: Code Cache (Non-heap memory): committed=2.44 MB, used=625.06 kB, max=48.00 MB, threshold=0.00 B
    Memory Pool: Par Eden Space (Heap memory): committed=16.63 MB, used=11.56 MB, max=16.63 MB, threshold=?
    Memory Pool: Par Survivor Space (Heap memory): committed=2.06 MB, used=933.91 kB, max=2.06 MB, threshold=?
    Memory Pool: CMS Old Gen (Heap memory): committed=62.38 MB, used=0.00 B, max=105.25 MB, threshold=0.00 B
    Memory Pool: CMS Perm Gen (Non-heap memory): committed=20.75 MB, used=14.01 MB, max=82.00 MB, threshold=0.00 B
2012-12-29 02:02:36.281+0000: Operating system information:
    Operating System: Mac OS X; version: 10.8.2; arch: x86_64; cpus: 4
    Max number of file descriptors: 10240
    Number of open file descriptors: 81
    Process id: 60212@MacBook-Air.local
    Byte order: LITTLE_ENDIAN
2012-12-29 02:02:36.290+0000: JVM information:
    VM Name: Java HotSpot(TM) 64-Bit Server VM
    VM Vendor: Apple Inc.
    VM Version: 20.12-b01-434
    JIT compiler: HotSpot 64-Bit Tiered Compilers
    VM Arguments: [-agentlib:jdwp=transport=dt_socket,suspend=y,address=localhost:60468, -Dfile.encoding=UTF-8]
2012-12-29 02:02:36.292+0000: Java classpath:
     [bootstrap] /System/Library/Java/JavaVirtualMachines/1.6.0.jdk/Contents/Classes/charsets.jar
     [bootstrap] /System/Library/Frameworks/JavaVM.framework/Versions/A/Frameworks/JavaRuntimeSupport.framework/Versions/A/Resources/Java/JavaRuntimeSupport.jar
     [classpath + loader.0] file:/Users/mauget/.m2/repository/org/neo4j/neo4j-udc/1.8.M05/neo4j-udc-1.8.M05.jar
     [loader.1] file:/System/Library/Java/Extensions/dns_sd.jar
     [classpath + loader.0] file:/Users/mauget/.m2/repository/org/apache/commons/commons-lang3/3.1/commons-lang3-3.1.jar
     [classpath + loader.0] file:/Users/mauget/git/railroad-graph-db/load/target/classes/
     [loader.1] file:/System/Library/Java/Extensions/MRJToolkit.jar
     [loader.1] file:/System/Library/Java/Extensions/vecmath.jar
     [classpath + loader.0] file:/Users/mauget/.m2/repository/aopalliance/aopalliance/1.0/aopalliance-1.0.jar
     [loader.1] file:/System/Library/Java/Extensions/libmlib_jai.jnilib
     [classpath + loader.0] file:/Users/mauget/.m2/repository/commons-lang/commons-lang/2.3/commons-lang-2.3.jar
     [classpath + loader.0] file:/Users/mauget/.m2/repository/org/neo4j/neo4j-cypher/1.8.M05/neo4j-cypher-1.8.M05.jar
     [loader.1] file:/System/Library/Java/JavaVirtualMachines/1.6.0.jdk/Contents/Home/lib/ext/dnsns.jar
     [bootstrap] /System/Library/Java/JavaVirtualMachines/1.6.0.jdk/Contents/Classes/laf.jar
     [classpath + loader.0] file:/Users/mauget/.m2/repository/org/springframework/spring-beans/3.1.2.RELEASE/spring-beans-3.1.2.RELEASE.jar
     [loader.1] file:/System/Library/Java/Extensions/libJ3D.jnilib
     [classpath + loader.0] file:/Users/mauget/.m2/repository/org/apache/lucene/lucene-core/3.5.0/lucene-core-3.5.0.jar
     [loader.1] file:/System/Library/Java/Extensions/mlibwrapper_jai.jar
     [bootstrap] /System/Library/Java/JavaVirtualMachines/1.6.0.jdk/Contents/Classes/classes.jar
     [loader.1] file:/System/Library/Java/JavaVirtualMachines/1.6.0.jdk/Contents/Home/lib/ext/localedata.jar
     [loader.1] file:/System/Library/Java/Extensions/QTJava.zip
     [classpath + loader.0] file:/Users/mauget/.m2/repository/org/neo4j/neo4j-graph-algo/1.8.M05/neo4j-graph-algo-1.8.M05.jar
     [bootstrap] /System/Library/Java/JavaVirtualMachines/1.6.0.jdk/Contents/Classes/ui.jar
     [loader.1] file:/System/Library/Java/Extensions/libAppleScriptEngine.jnilib
     [loader.1] file:/System/Library/Java/Extensions/libJ3DAudio.jnilib
     [loader.1] file:/System/Library/Java/Extensions/j3daudio.jar
     [loader.1] file:/System/Library/Java/Extensions/libJ3DUtils.jnilib
     [loader.1] file:/System/Library/Java/Extensions/libQTJNative.jnilib
     [loader.1] file:/System/Library/Java/Extensions/j3dcore.jar
     [classpath + loader.0] file:/Users/mauget/.m2/repository/log4j/log4j/1.2.17/log4j-1.2.17.jar
     [classpath + loader.0] file:/Users/mauget/.m2/repository/org/scala-lang/scala-library/2.9.1-1/scala-library-2.9.1-1.jar
     [classpath + loader.0] file:/Users/mauget/.m2/repository/org/json/json/20090211/json-20090211.jar
     [bootstrap] /System/Library/Java/JavaVirtualMachines/1.6.0.jdk/Contents/Classes/sunrsasign.jar
     [loader.1] file:/System/Library/Java/Extensions/j3dutils.jar
     [classpath + loader.0] file:/Users/mauget/.m2/repository/commons-logging/commons-logging/1.1.1/commons-logging-1.1.1.jar
     [classpath + loader.0] file:/Users/mauget/.m2/repository/org/springframework/spring-core/3.1.2.RELEASE/spring-core-3.1.2.RELEASE.jar
     [loader.1] file:/System/Library/Java/Extensions/jai_core.jar
     [classpath + loader.0] file:/Users/mauget/.m2/repository/org/neo4j/neo4j/1.8.M05/neo4j-1.8.M05.jar
     [loader.1] file:/System/Library/Java/Extensions/jai_codec.jar
     [classpath + loader.0] file:/Users/mauget/.m2/repository/org/neo4j/neo4j-graph-matching/1.8.M05/neo4j-graph-matching-1.8.M05.jar
     [classpath + loader.0] file:/Users/mauget/.m2/repository/org/springframework/spring-expression/3.1.2.RELEASE/spring-expression-3.1.2.RELEASE.jar
     [loader.1] file:/System/Library/Java/JavaVirtualMachines/1.6.0.jdk/Contents/Home/lib/ext/sunjce_provider.jar
     [classpath + loader.0] file:/Users/mauget/.m2/repository/org/springframework/spring-asm/3.1.2.RELEASE/spring-asm-3.1.2.RELEASE.jar
     [classpath + loader.0] file:/Users/mauget/.m2/repository/org/neo4j/neo4j-kernel/1.8.M05/neo4j-kernel-1.8.M05.jar
     [classpath + loader.0] file:/Users/mauget/.m2/repository/org/springframework/spring-aop/3.1.2.RELEASE/spring-aop-3.1.2.RELEASE.jar
     [classpath + loader.0] file:/Users/mauget/.m2/repository/com/ancientprogramming/fixedformat4j/fixedformat4j/1.2.2/fixedformat4j-1.2.2.jar
     [classpath + loader.0] file:/Users/mauget/.m2/repository/org/apache/geronimo/specs/geronimo-jta_1.1_spec/1.1.1/geronimo-jta_1.1_spec-1.1.1.jar
     [bootstrap] /System/Library/Java/JavaVirtualMachines/1.6.0.jdk/Contents/Home/lib/jce.jar
     [bootstrap] /System/Library/Java/JavaVirtualMachines/1.6.0.jdk/Contents/Classes/jsse.jar
     [classpath + loader.0] file:/Users/mauget/.m2/repository/org/neo4j/neo4j-lucene-index/1.8.M05/neo4j-lucene-index-1.8.M05.jar
     [classpath + loader.0] file:/Users/mauget/.m2/repository/org/springframework/spring-context/3.1.2.RELEASE/spring-context-3.1.2.RELEASE.jar
     [loader.1] file:/System/Library/Java/Extensions/AppleScriptEngine.jar
     [classpath + loader.0] file:/Users/mauget/.m2/repository/org/neo4j/neo4j-jmx/1.8.M05/neo4j-jmx-1.8.M05.jar
     [loader.1] file:/System/Library/Java/JavaVirtualMachines/1.6.0.jdk/Contents/Home/lib/ext/apple_provider.jar
     [bootstrap] /System/Library/Java/JavaVirtualMachines/1.6.0.jdk/Contents/Classes/jsfd.jar
     [loader.1] file:/System/Library/Java/JavaVirtualMachines/1.6.0.jdk/Contents/Home/lib/ext/sunpkcs11.jar
2012-12-29 02:02:36.315+0000: Library path:
    /Users/mauget/git/railroad-graph-db/load
    /Library/Java/Extensions
    /System/Library/Java/Extensions
    /usr/lib/java
2012-12-29 02:02:36.316+0000: System.properties:
    sun.boot.library.path = /System/Library/Java/JavaVirtualMachines/1.6.0.jdk/Contents/Libraries
    awt.nativeDoubleBuffering = true
    gopherProxySet = false
    mrj.build = 11M3909
    path.separator = :
    file.encoding.pkg = sun.io
    sun.java.launcher = SUN_STANDARD
    user.country = US
    sun.os.patch.level = unknown
    user.dir = /Users/mauget/git/railroad-graph-db/load
    sun.jnu.encoding = MacRoman
    sun.management.compiler = HotSpot 64-Bit Tiered Compilers
    http.nonProxyHosts = local|*.local|169.254/16|*.169.254/16
    user.home = /Users/mauget
    user.timezone = America/New_York
    file.encoding = UTF-8
    user.name = mauget
    sun.java.command = com.ramblerag.db.route.Command 666 11111
    sun.arch.data.model = 64
    user.language = en
    awt.toolkit = apple.awt.CToolkit
    file.separator = /
    sun.io.unicode.encoding = UnicodeLittle
    sun.cpu.endian = little
    mrj.version = 1070.1.6.0_37-434
    socksNonProxyHosts = local|*.local|169.254/16|*.169.254/16
    ftp.nonProxyHosts = local|*.local|169.254/16|*.169.254/16
    sun.cpu.isalist = 
2012-12-29 02:02:36.319+0000: --- STARTUP diagnostics END ---
2012-12-29 02:02:36.517+0000: Extension org.neo4j.kernel.KernelExtension[kernel jmx] loaded ok
2012-12-29 02:02:36.580+0000: Extension org.neo4j.kernel.KernelExtension[kernel udc] loaded ok
2012-12-29 02:02:36.591+0000: --- STARTUP diagnostics for KernelDiagnostics:Versions START ---
2012-12-29 02:02:36.591+0000: Graph Database: org.neo4j.kernel.EmbeddedGraphDatabase StoreId[time:1356746555883, id:-7771520759790240044, store version: 13561656364791302]
2012-12-29 02:02:36.591+0000: Kernel version: Neo4j - Graph Database Kernel 1.8.M05
2012-12-29 02:02:36.592+0000: Neo4j component versions:
2012-12-29 02:02:36.598+0000:   Neo4j - Graph Database Kernel 1.8.M05
2012-12-29 02:02:36.598+0000: --- STARTUP diagnostics for KernelDiagnostics:Versions END ---
2012-12-29 02:02:36.605+0000: --- STARTUP diagnostics for NEO_STORE_VERSIONS START ---
2012-12-29 02:02:36.607+0000: Store versions:
    Store versions:
      NeoStore v0.A.0
      NodeStore v0.A.0
      RelationshipStore v0.A.0
      RelationshipTypeStore v0.A.0
      PropertyStore v0.A.0
      PropertyIndexStore v0.A.0
      StringPropertyStore v0.A.0
      ArrayPropertyStore v0.A.0
2012-12-29 02:02:36.608+0000: --- STARTUP diagnostics for NEO_STORE_VERSIONS END ---
2012-12-29 02:02:36.608+0000: --- STARTUP diagnostics for NEO_STORE_ID_USAGE START ---
2012-12-29 02:02:36.608+0000: Id usage:
    Id usage:
      NodeStore: used=1 high=0
      RelationshipStore: used=0 high=-1
      RelationshipTypeStore: used=0 high=-1
      PropertyStore: used=0 high=-1
      PropertyIndexStore: used=0 high=-1
      StringPropertyStore: used=1 high=0
      ArrayPropertyStore: used=1 high=0
2012-12-29 02:02:36.612+0000: --- STARTUP diagnostics for NEO_STORE_ID_USAGE END ---
2012-12-29 02:02:36.612+0000: --- STARTUP diagnostics for KernelDiagnostics:StoreFiles START ---
2012-12-29 02:02:36.613+0000: Storage files:
    active_tx_log: 11.00 B
    index:
      lucene-store.db: 40.00 B
      lucene.log.1: 16.00 B
      lucene.log.active: 4.00 B
    - Total: 60.00 B
    lock: 0.00 B
    messages.log: 12.74 kB
    neostore: 54.00 B
    neostore.id: 9.00 B
    neostore.nodestore.db: 9.00 B
    neostore.nodestore.db.id: 9.00 B
    neostore.propertystore.db: 0.00 B
    neostore.propertystore.db.arrays: 128.00 B
    neostore.propertystore.db.arrays.id: 9.00 B
    neostore.propertystore.db.id: 9.00 B
    neostore.propertystore.db.index: 0.00 B
    neostore.propertystore.db.index.id: 9.00 B
    neostore.propertystore.db.index.keys: 38.00 B
    neostore.propertystore.db.index.keys.id: 9.00 B
    neostore.propertystore.db.strings: 128.00 B
    neostore.propertystore.db.strings.id: 9.00 B
    neostore.relationshipstore.db: 0.00 B
    neostore.relationshipstore.db.id: 9.00 B
    neostore.relationshiptypestore.db: 0.00 B
    neostore.relationshiptypestore.db.id: 9.00 B
    neostore.relationshiptypestore.db.names: 38.00 B
    neostore.relationshiptypestore.db.names.id: 9.00 B
    nioneo_logical.log.1: 16.00 B
    nioneo_logical.log.active: 4.00 B
    tm_tx_log.1: 0.00 B
